!SESSION 2021-10-26 12:00:13.004 -----------------------------------------------
eclipse.buildId=4.7.1.202007271558-RELEASE
java.version=15
java.vendor=AdoptOpenJDK
BootLoader constants: OS=win32, ARCH=x86_64, WS=win32, NL=en_IN
Command-line arguments:  -os win32 -ws win32 -arch x86_64 -data C:\Users\prasjain\OneDrive - Capgemini\Desktop\Project\Workspace

!ENTRY org.eclipse.equinox.preferences 4 2 2021-10-26 12:00:14.833
!MESSAGE Problems occurred when invoking code from plug-in: "org.eclipse.equinox.preferences".
!STACK 0
java.lang.IllegalStateException: The platform metadata area could not be written: C:\Users\prasjain\OneDrive - Capgemini\Desktop\Project\Workspace\.metadata.  By default the platform writes its content
under the current working directory when the platform is launched.  Use the -data parameter to
specify a different content area for the platform.
	at org.eclipse.core.internal.runtime.DataArea.assertLocationInitialized(DataArea.java:73)
	at org.eclipse.core.internal.runtime.DataArea.getStateLocation(DataArea.java:141)
	at org.eclipse.core.internal.preferences.InstancePreferences.getBaseLocation(InstancePreferences.java:47)
	at org.eclipse.core.internal.preferences.InstancePreferences.initializeChildren(InstancePreferences.java:212)
	at org.eclipse.core.internal.preferences.InstancePreferences.<init>(InstancePreferences.java:62)
	at org.eclipse.core.internal.preferences.InstancePreferences.internalCreate(InstancePreferences.java:224)
	at org.eclipse.core.internal.preferences.EclipsePreferences.create(EclipsePreferences.java:352)
	at org.eclipse.core.internal.preferences.EclipsePreferences.create(EclipsePreferences.java:340)
	at org.eclipse.core.internal.preferences.PreferencesService.createNode(PreferencesService.java:395)
	at org.eclipse.core.internal.preferences.RootPreferences.getChild(RootPreferences.java:63)
	at org.eclipse.core.internal.preferences.RootPreferences.getNode(RootPreferences.java:98)
	at org.eclipse.core.internal.preferences.RootPreferences.node(RootPreferences.java:87)
	at org.eclipse.core.internal.preferences.AbstractScope.getNode(AbstractScope.java:41)
	at org.eclipse.core.runtime.preferences.InstanceScope.getNode(InstanceScope.java:80)
	at org.eclipse.core.internal.preferences.PreferencesService$5.run(PreferencesService.java:610)
	at org.eclipse.core.runtime.SafeRunner.run(SafeRunner.java:45)
	at org.eclipse.core.internal.preferences.PreferencesService.getNodes(PreferencesService.java:600)
	at org.eclipse.core.internal.preferences.PreferencesService.getBoolean(PreferencesService.java:479)
	at org.eclipse.ui.trace.internal.utils.PreferenceHandler.isTracingEnabled(PreferenceHandler.java:111)
	at org.eclipse.ui.trace.internal.TracingUIActivator.initPreferences(TracingUIActivator.java:103)
	at org.eclipse.ui.trace.internal.TracingUIActivator.start(TracingUIActivator.java:72)
	at org.eclipse.osgi.internal.framework.BundleContextImpl$3.run(BundleContextImpl.java:843)
	at org.eclipse.osgi.internal.framework.BundleContextImpl$3.run(BundleContextImpl.java:1)
	at java.base/java.security.AccessController.doPrivileged(AccessController.java:554)
	at org.eclipse.osgi.internal.framework.BundleContextImpl.startActivator(BundleContextImpl.java:835)
	at org.eclipse.osgi.internal.framework.BundleContextImpl.start(BundleContextImpl.java:792)
	at org.eclipse.osgi.internal.framework.EquinoxBundle.startWorker0(EquinoxBundle.java:1015)
	at org.eclipse.osgi.internal.framework.EquinoxBundle$EquinoxModule.startWorker(EquinoxBundle.java:365)
	at org.eclipse.osgi.container.Module.doStart(Module.java:605)
	at org.eclipse.osgi.container.Module.start(Module.java:468)
	at org.eclipse.osgi.framework.util.SecureAction.start(SecureAction.java:493)
	at org.eclipse.osgi.internal.hooks.EclipseLazyStarter.postFindLocalClass(EclipseLazyStarter.java:117)
	at org.eclipse.osgi.internal.loader.classpath.ClasspathManager.findLocalClass(ClasspathManager.java:571)
	at org.eclipse.osgi.internal.loader.ModuleClassLoader.findLocalClass(ModuleClassLoader.java:346)
	at org.eclipse.osgi.internal.loader.BundleLoader.findLocalClass(BundleLoader.java:398)
	at org.eclipse.osgi.internal.loader.BundleLoader.findClass(BundleLoader.java:477)
	at org.eclipse.osgi.internal.loader.ModuleClassLoader.loadClass(ModuleClassLoader.java:171)
	at java.base/java.lang.ClassLoader.loadClass(ClassLoader.java:522)
	at org.eclipse.osgi.internal.framework.EquinoxBundle.loadClass(EquinoxBundle.java:620)
	at org.apache.felix.scr.impl.manager.AbstractComponentManager.initDependencyManagers(AbstractComponentManager.java:999)
	at org.apache.felix.scr.impl.manager.AbstractComponentManager.collectDependencies(AbstractComponentManager.java:1026)
	at org.apache.felix.scr.impl.manager.SingleComponentManager.getServiceInternal(SingleComponentManager.java:935)
	at org.apache.felix.scr.impl.manager.AbstractComponentManager.activateInternal(AbstractComponentManager.java:765)
	at org.apache.felix.scr.impl.manager.AbstractComponentManager.enableInternal(AbstractComponentManager.java:666)
	at org.apache.felix.scr.impl.manager.AbstractComponentManager.enable(AbstractComponentManager.java:432)
	at org.apache.felix.scr.impl.manager.ConfigurableComponentHolder.enableComponents(ConfigurableComponentHolder.java:665)
	at org.apache.felix.scr.impl.BundleComponentActivator.initialEnable(BundleComponentActivator.java:338)
	at org.apache.felix.scr.impl.Activator.loadComponents(Activator.java:382)
	at org.apache.felix.scr.impl.Activator.access$200(Activator.java:49)
	at org.apache.felix.scr.impl.Activator$ScrExtension.start(Activator.java:264)
	at org.apache.felix.scr.impl.AbstractExtender.createExtension(AbstractExtender.java:196)
	at org.apache.felix.scr.impl.AbstractExtender.modifiedBundle(AbstractExtender.java:169)
	at org.apache.felix.scr.impl.AbstractExtender.addingBundle(AbstractExtender.java:139)
	at org.apache.felix.scr.impl.AbstractExtender.addingBundle(AbstractExtender.java:49)
	at org.osgi.util.tracker.BundleTracker$Tracked.customizerAdding(BundleTracker.java:475)
	at org.osgi.util.tracker.BundleTracker$Tracked.customizerAdding(BundleTracker.java:1)
	at org.osgi.util.tracker.AbstractTracked.trackAdding(AbstractTracked.java:256)
	at org.osgi.util.tracker.AbstractTracked.track(AbstractTracked.java:229)
	at org.osgi.util.tracker.BundleTracker$Tracked.bundleChanged(BundleTracker.java:450)
	at org.eclipse.osgi.internal.framework.BundleContextImpl.dispatchEvent(BundleContextImpl.java:974)
	at org.eclipse.osgi.framework.eventmgr.EventManager.dispatchEvent(EventManager.java:234)
	at org.eclipse.osgi.framework.eventmgr.ListenerQueue.dispatchEventSynchronous(ListenerQueue.java:151)
	at org.eclipse.osgi.internal.framework.EquinoxEventPublisher.publishBundleEventPrivileged(EquinoxEventPublisher.java:236)
	at org.eclipse.osgi.internal.framework.EquinoxEventPublisher.publishBundleEvent(EquinoxEventPublisher.java:142)
	at org.eclipse.osgi.internal.framework.EquinoxEventPublisher.publishBundleEvent(EquinoxEventPublisher.java:134)
	at org.eclipse.osgi.internal.framework.EquinoxContainerAdaptor.publishModuleEvent(EquinoxContainerAdaptor.java:217)
	at org.eclipse.osgi.container.Module.publishEvent(Module.java:499)
	at org.eclipse.osgi.container.Module.start(Module.java:486)
	at org.eclipse.osgi.container.ModuleContainer$ContainerStartLevel$2.run(ModuleContainer.java:1845)
	at org.eclipse.osgi.internal.framework.EquinoxContainerAdaptor$1$1.execute(EquinoxContainerAdaptor.java:136)
	at org.eclipse.osgi.container.ModuleContainer$ContainerStartLevel.incStartLevel(ModuleContainer.java:1838)
	at org.eclipse.osgi.container.ModuleContainer$ContainerStartLevel.incStartLevel(ModuleContainer.java:1779)
	at org.eclipse.osgi.container.ModuleContainer$ContainerStartLevel.doContainerStartLevel(ModuleContainer.java:1743)
	at org.eclipse.osgi.container.ModuleContainer$ContainerStartLevel.dispatchEvent(ModuleContainer.java:1665)
	at org.eclipse.osgi.container.ModuleContainer$ContainerStartLevel.dispatchEvent(ModuleContainer.java:1)
	at org.eclipse.osgi.framework.eventmgr.EventManager.dispatchEvent(EventManager.java:234)
	at org.eclipse.osgi.framework.eventmgr.EventManager$EventThread.run(EventManager.java:345)

!ENTRY org.eclipse.equinox.preferences 4 0 2021-10-26 12:00:14.841
!MESSAGE Error occurred while accessing preference scope.
!STACK 0
java.lang.IllegalStateException: The platform metadata area could not be written: C:\Users\prasjain\OneDrive - Capgemini\Desktop\Project\Workspace\.metadata.  By default the platform writes its content
under the current working directory when the platform is launched.  Use the -data parameter to
specify a different content area for the platform.
	at org.eclipse.core.internal.runtime.DataArea.assertLocationInitialized(DataArea.java:73)
	at org.eclipse.core.internal.runtime.DataArea.getStateLocation(DataArea.java:141)
	at org.eclipse.core.internal.preferences.InstancePreferences.getBaseLocation(InstancePreferences.java:47)
	at org.eclipse.core.internal.preferences.InstancePreferences.initializeChildren(InstancePreferences.java:212)
	at org.eclipse.core.internal.preferences.InstancePreferences.<init>(InstancePreferences.java:62)
	at org.eclipse.core.internal.preferences.InstancePreferences.internalCreate(InstancePreferences.java:224)
	at org.eclipse.core.internal.preferences.EclipsePreferences.create(EclipsePreferences.java:352)
	at org.eclipse.core.internal.preferences.EclipsePreferences.create(EclipsePreferences.java:340)
	at org.eclipse.core.internal.preferences.PreferencesService.createNode(PreferencesService.java:395)
	at org.eclipse.core.internal.preferences.RootPreferences.getChild(RootPreferences.java:63)
	at org.eclipse.core.internal.preferences.RootPreferences.getNode(RootPreferences.java:98)
	at org.eclipse.core.internal.preferences.RootPreferences.node(RootPreferences.java:87)
	at org.eclipse.core.internal.preferences.AbstractScope.getNode(AbstractScope.java:41)
	at org.eclipse.core.runtime.preferences.InstanceScope.getNode(InstanceScope.java:80)
	at org.eclipse.core.internal.preferences.PreferencesService$5.run(PreferencesService.java:610)
	at org.eclipse.core.runtime.SafeRunner.run(SafeRunner.java:45)
	at org.eclipse.core.internal.preferences.PreferencesService.getNodes(PreferencesService.java:600)
	at org.eclipse.core.internal.preferences.PreferencesService.getBoolean(PreferencesService.java:479)
	at org.eclipse.ui.trace.internal.utils.PreferenceHandler.isTracingEnabled(PreferenceHandler.java:111)
	at org.eclipse.ui.trace.internal.TracingUIActivator.initPreferences(TracingUIActivator.java:103)
	at org.eclipse.ui.trace.internal.TracingUIActivator.start(TracingUIActivator.java:72)
	at org.eclipse.osgi.internal.framework.BundleContextImpl$3.run(BundleContextImpl.java:843)
	at org.eclipse.osgi.internal.framework.BundleContextImpl$3.run(BundleContextImpl.java:1)
	at java.base/java.security.AccessController.doPrivileged(AccessController.java:554)
	at org.eclipse.osgi.internal.framework.BundleContextImpl.startActivator(BundleContextImpl.java:835)
	at org.eclipse.osgi.internal.framework.BundleContextImpl.start(BundleContextImpl.java:792)
	at org.eclipse.osgi.internal.framework.EquinoxBundle.startWorker0(EquinoxBundle.java:1015)
	at org.eclipse.osgi.internal.framework.EquinoxBundle$EquinoxModule.startWorker(EquinoxBundle.java:365)
	at org.eclipse.osgi.container.Module.doStart(Module.java:605)
	at org.eclipse.osgi.container.Module.start(Module.java:468)
	at org.eclipse.osgi.framework.util.SecureAction.start(SecureAction.java:493)
	at org.eclipse.osgi.internal.hooks.EclipseLazyStarter.postFindLocalClass(EclipseLazyStarter.java:117)
	at org.eclipse.osgi.internal.loader.classpath.ClasspathManager.findLocalClass(ClasspathManager.java:571)
	at org.eclipse.osgi.internal.loader.ModuleClassLoader.findLocalClass(ModuleClassLoader.java:346)
	at org.eclipse.osgi.internal.loader.BundleLoader.findLocalClass(BundleLoader.java:398)
	at org.eclipse.osgi.internal.loader.BundleLoader.findClass(BundleLoader.java:477)
	at org.eclipse.osgi.internal.loader.ModuleClassLoader.loadClass(ModuleClassLoader.java:171)
	at java.base/java.lang.ClassLoader.loadClass(ClassLoader.java:522)
	at org.eclipse.osgi.internal.framework.EquinoxBundle.loadClass(EquinoxBundle.java:620)
	at org.apache.felix.scr.impl.manager.AbstractComponentManager.initDependencyManagers(AbstractComponentManager.java:999)
	at org.apache.felix.scr.impl.manager.AbstractComponentManager.collectDependencies(AbstractComponentManager.java:1026)
	at org.apache.felix.scr.impl.manager.SingleComponentManager.getServiceInternal(SingleComponentManager.java:935)
	at org.apache.felix.scr.impl.manager.AbstractComponentManager.activateInternal(AbstractComponentManager.java:765)
	at org.apache.felix.scr.impl.manager.AbstractComponentManager.enableInternal(AbstractComponentManager.java:666)
	at org.apache.felix.scr.impl.manager.AbstractComponentManager.enable(AbstractComponentManager.java:432)
	at org.apache.felix.scr.impl.manager.ConfigurableComponentHolder.enableComponents(ConfigurableComponentHolder.java:665)
	at org.apache.felix.scr.impl.BundleComponentActivator.initialEnable(BundleComponentActivator.java:338)
	at org.apache.felix.scr.impl.Activator.loadComponents(Activator.java:382)
	at org.apache.felix.scr.impl.Activator.access$200(Activator.java:49)
	at org.apache.felix.scr.impl.Activator$ScrExtension.start(Activator.java:264)
	at org.apache.felix.scr.impl.AbstractExtender.createExtension(AbstractExtender.java:196)
	at org.apache.felix.scr.impl.AbstractExtender.modifiedBundle(AbstractExtender.java:169)
	at org.apache.felix.scr.impl.AbstractExtender.addingBundle(AbstractExtender.java:139)
	at org.apache.felix.scr.impl.AbstractExtender.addingBundle(AbstractExtender.java:49)
	at org.osgi.util.tracker.BundleTracker$Tracked.customizerAdding(BundleTracker.java:475)
	at org.osgi.util.tracker.BundleTracker$Tracked.customizerAdding(BundleTracker.java:1)
	at org.osgi.util.tracker.AbstractTracked.trackAdding(AbstractTracked.java:256)
	at org.osgi.util.tracker.AbstractTracked.track(AbstractTracked.java:229)
	at org.osgi.util.tracker.BundleTracker$Tracked.bundleChanged(BundleTracker.java:450)
	at org.eclipse.osgi.internal.framework.BundleContextImpl.dispatchEvent(BundleContextImpl.java:974)
	at org.eclipse.osgi.framework.eventmgr.EventManager.dispatchEvent(EventManager.java:234)
	at org.eclipse.osgi.framework.eventmgr.ListenerQueue.dispatchEventSynchronous(ListenerQueue.java:151)
	at org.eclipse.osgi.internal.framework.EquinoxEventPublisher.publishBundleEventPrivileged(EquinoxEventPublisher.java:236)
	at org.eclipse.osgi.internal.framework.EquinoxEventPublisher.publishBundleEvent(EquinoxEventPublisher.java:142)
	at org.eclipse.osgi.internal.framework.EquinoxEventPublisher.publishBundleEvent(EquinoxEventPublisher.java:134)
	at org.eclipse.osgi.internal.framework.EquinoxContainerAdaptor.publishModuleEvent(EquinoxContainerAdaptor.java:217)
	at org.eclipse.osgi.container.Module.publishEvent(Module.java:499)
	at org.eclipse.osgi.container.Module.start(Module.java:486)
	at org.eclipse.osgi.container.ModuleContainer$ContainerStartLevel$2.run(ModuleContainer.java:1845)
	at org.eclipse.osgi.internal.framework.EquinoxContainerAdaptor$1$1.execute(EquinoxContainerAdaptor.java:136)
	at org.eclipse.osgi.container.ModuleContainer$ContainerStartLevel.incStartLevel(ModuleContainer.java:1838)
	at org.eclipse.osgi.container.ModuleContainer$ContainerStartLevel.incStartLevel(ModuleContainer.java:1779)
	at org.eclipse.osgi.container.ModuleContainer$ContainerStartLevel.doContainerStartLevel(ModuleContainer.java:1743)
	at org.eclipse.osgi.container.ModuleContainer$ContainerStartLevel.dispatchEvent(ModuleContainer.java:1665)
	at org.eclipse.osgi.container.ModuleContainer$ContainerStartLevel.dispatchEvent(ModuleContainer.java:1)
	at org.eclipse.osgi.framework.eventmgr.EventManager.dispatchEvent(EventManager.java:234)
	at org.eclipse.osgi.framework.eventmgr.EventManager$EventThread.run(EventManager.java:345)

!ENTRY org.eclipse.ui.ide 4 4 2021-10-26 12:00:15.578
!MESSAGE Could not obtain lock for workspace location

!ENTRY org.eclipse.ui.ide 4 4 2021-10-26 12:00:15.579
!MESSAGE Could not obtain lock for workspace location
!STACK 0
java.io.IOException: The folder "C:\Users\prasjain\OneDrive - Capgemini\Desktop\Project\Workspace\.metadata" is read-only.
	at org.eclipse.osgi.internal.location.BasicLocation.lock(BasicLocation.java:193)
	at org.eclipse.osgi.internal.location.BasicLocation.lock(BasicLocation.java:166)
	at org.eclipse.ui.internal.ide.application.IDEApplication.checkInstanceLocation(IDEApplication.java:222)
	at org.eclipse.ui.internal.ide.application.IDEApplication.start(IDEApplication.java:140)
	at org.eclipse.equinox.internal.app.EclipseAppHandle.run(EclipseAppHandle.java:203)
	at org.eclipse.core.runtime.internal.adaptor.EclipseAppLauncher.runApplication(EclipseAppLauncher.java:137)
	at org.eclipse.core.runtime.internal.adaptor.EclipseAppLauncher.start(EclipseAppLauncher.java:107)
	at org.eclipse.core.runtime.adaptor.EclipseStarter.run(EclipseStarter.java:401)
	at org.eclipse.core.runtime.adaptor.EclipseStarter.run(EclipseStarter.java:255)
	at java.base/jdk.internal.reflect.NativeMethodAccessorImpl.invoke0(Native Method)
	at java.base/jdk.internal.reflect.NativeMethodAccessorImpl.invoke(NativeMethodAccessorImpl.java:64)
	at java.base/jdk.internal.reflect.DelegatingMethodAccessorImpl.invoke(DelegatingMethodAccessorImpl.java:43)
	at java.base/java.lang.reflect.Method.invoke(Method.java:564)
	at org.eclipse.equinox.launcher.Main.invokeFramework(Main.java:657)
	at org.eclipse.equinox.launcher.Main.basicRun(Main.java:594)
	at org.eclipse.equinox.launcher.Main.run(Main.java:1447)
